[ 2014-07-10T15:02:03+08:00 ] ::1 /spider/admin.php?s=/Index/index.html
SQL: SHOW COLUMNS FROM `onethink_menu` [ RunTime:0.001942s ]
SQL: SELECT * FROM `onethink_menu` WHERE ( `pid` = 0 ) AND ( `hide` = 0 ) ORDER BY sort asc  [ RunTime:0.001534s ]
SQL: SELECT `id` FROM `onethink_menu` WHERE ( url like '%Index/index%' ) LIMIT 1   [ RunTime:0.000454s ]
SQL: SHOW COLUMNS FROM `onethink_menu` [ RunTime:0.001103s ]
SQL: SELECT `id`,`pid`,`title` FROM `onethink_menu` WHERE ( id=1 ) LIMIT 1   [ RunTime:0.000235s ]
SQL: SELECT DISTINCT  `group` FROM `onethink_menu` WHERE ( pid = 1 )  [ RunTime:0.000226s ]
SQL: SELECT `id`,`url` FROM `onethink_menu` WHERE ( `pid` = 1 ) AND ( `hide` = 0 )  [ RunTime:0.000181s ]
INFO: [ view_parse ] --START--
INFO: [ template_filter ] --START--
INFO: Run Behavior\ContentReplaceBehavior [ RunTime:0.000060s ]
INFO: [ template_filter ] --END-- [ RunTime:0.000106s ]
INFO: [ AdminIndex ] --START--
SQL: SHOW COLUMNS FROM `onethink_addons` [ RunTime:0.004495s ]
SQL: SELECT `config` FROM `onethink_addons` WHERE ( `name` = 'SiteStat' ) AND ( `status` = 1 ) LIMIT 1   [ RunTime:0.001882s ]
SQL: SHOW COLUMNS FROM `onethink_member` [ RunTime:0.002629s ]
SQL: SELECT COUNT(*) AS tp_count FROM `onethink_member` LIMIT 1   [ RunTime:0.000310s ]
SQL: SHOW COLUMNS FROM `onethink_action_log` [ RunTime:0.001770s ]
SQL: SELECT COUNT(*) AS tp_count FROM `onethink_action_log` LIMIT 1   [ RunTime:0.000271s ]
SQL: SHOW COLUMNS FROM `onethink_document` [ RunTime:0.001534s ]
SQL: SELECT COUNT(*) AS tp_count FROM `onethink_document` LIMIT 1   [ RunTime:0.000203s ]
SQL: SHOW COLUMNS FROM `onethink_category` [ RunTime:0.001301s ]
SQL: SELECT COUNT(*) AS tp_count FROM `onethink_category` LIMIT 1   [ RunTime:0.000181s ]
SQL: SHOW COLUMNS FROM `onethink_model` [ RunTime:0.001049s ]
SQL: SELECT COUNT(*) AS tp_count FROM `onethink_model` LIMIT 1   [ RunTime:0.000163s ]
INFO: [ view_parse ] --START--
INFO: [ template_filter ] --START--
INFO: Run Behavior\ContentReplaceBehavior [ RunTime:0.000025s ]
INFO: [ template_filter ] --END-- [ RunTime:-0.026247s ]
INFO: Run Behavior\ParseTemplateBehavior [ RunTime:0.001562s ]
INFO: [ view_parse ] --END-- [ RunTime:0.001597s ]
INFO: [ view_filter ] --START--
INFO: Run Behavior\WriteHtmlCacheBehavior [ RunTime:0.000403s ]
INFO: [ view_filter ] --END-- [ RunTime:0.000436s ]
INFO: Run Addons\SiteStat\SiteStatAddon [ RunTime:0.025743s ]
SQL: SELECT `config` FROM `onethink_addons` WHERE ( `name` = 'SystemInfo' ) AND ( `status` = 1 ) LIMIT 1   [ RunTime:0.000329s ]
INFO: [ view_parse ] --START--
INFO: [ template_filter ] --START--
INFO: Run Behavior\ContentReplaceBehavior [ RunTime:0.000048s ]
INFO: [ template_filter ] --END-- [ RunTime:-0.150180s ]
SQL: select version() as v; [ RunTime:0.000320s ]
INFO: Run Behavior\ParseTemplateBehavior [ RunTime:0.003443s ]
INFO: [ view_parse ] --END-- [ RunTime:-0.121369s ]
INFO: [ view_filter ] --START--
INFO: Run Behavior\WriteHtmlCacheBehavior [ RunTime:0.000012s ]
INFO: [ view_filter ] --END-- [ RunTime:-0.124446s ]
INFO: Run Addons\SystemInfo\SystemInfoAddon [ RunTime:0.124480s ]
SQL: SELECT `config` FROM `onethink_addons` WHERE ( `name` = 'DevTeam' ) AND ( `status` = 1 ) LIMIT 1   [ RunTime:0.000449s ]
INFO: [ view_parse ] --START--
INFO: [ template_filter ] --START--
INFO: Run Behavior\ContentReplaceBehavior [ RunTime:0.000037s ]
INFO: [ template_filter ] --END-- [ RunTime:-0.154360s ]
INFO: Run Behavior\ParseTemplateBehavior [ RunTime:0.001833s ]
INFO: [ view_parse ] --END-- [ RunTime:-0.126351s ]
INFO: [ view_filter ] --START--
INFO: Run Behavior\WriteHtmlCacheBehavior [ RunTime:0.000011s ]
INFO: [ view_filter ] --END-- [ RunTime:-0.127796s ]
INFO: Run Addons\DevTeam\DevTeamAddon [ RunTime:0.003326s ]
INFO: [ AdminIndex ] --END-- [ RunTime:0.153617s ]
INFO: Run Behavior\ParseTemplateBehavior [ RunTime:0.001999s ]
INFO: [ view_parse ] --END-- [ RunTime:-0.126351s ]
INFO: [ view_filter ] --START--
INFO: Run Behavior\WriteHtmlCacheBehavior [ RunTime:0.000007s ]
INFO: [ view_filter ] --END-- [ RunTime:-0.127950s ]
INFO: [ app_end ] --START--
INFO: Run Behavior\ShowPageTraceBehavior [ RunTime:0.000828s ]
INFO: [ app_end ] --END-- [ RunTime:0.000877s ]

[ 2014-07-10T15:02:07+08:00 ] ::1 /spider/admin.php?s=/Spider/index.html
SQL: SHOW COLUMNS FROM `onethink_menu` [ RunTime:0.001554s ]
SQL: SELECT * FROM `onethink_menu` WHERE ( `pid` = 0 ) AND ( `hide` = 0 ) ORDER BY sort asc  [ RunTime:0.001224s ]
SQL: SELECT `id` FROM `onethink_menu` WHERE ( url like '%Spider/index%' ) LIMIT 1   [ RunTime:0.001273s ]
SQL: SHOW COLUMNS FROM `onethink_menu` [ RunTime:0.001341s ]
SQL: SELECT `id`,`pid`,`title` FROM `onethink_menu` WHERE ( id=122 ) LIMIT 1   [ RunTime:0.000287s ]
SQL: SELECT DISTINCT  `group` FROM `onethink_menu` WHERE ( pid = 122 )  [ RunTime:0.000293s ]
SQL: SELECT `id`,`url` FROM `onethink_menu` WHERE ( `pid` = 122 ) AND ( `hide` = 0 )  [ RunTime:0.000227s ]
SQL: SHOW COLUMNS FROM `onethink_spiderhosts` [ RunTime:0.001859s ]
ERR: 1146:Table 'spider.onethink_spiderhosts' doesn't exist
 [ SQL语句 ] : SHOW COLUMNS FROM `onethink_spiderhosts`
NOTIC: [2] Missing argument 1 for Think\Model::where(), called in /Applications/XAMPP/xamppfiles/htdocs/spider/Application/Admin/Controller/SpiderController.class.php on line 27 and defined /Applications/XAMPP/xamppfiles/htdocs/spider/ThinkPHP/Library/Think/Model.class.php 第 1610 行.
NOTIC: [8] Undefined variable: where /Applications/XAMPP/xamppfiles/htdocs/spider/ThinkPHP/Library/Think/Model.class.php 第 1618 行.
NOTIC: [8] Undefined variable: where /Applications/XAMPP/xamppfiles/htdocs/spider/ThinkPHP/Library/Think/Model.class.php 第 1621 行.
NOTIC: [8] Undefined variable: where /Applications/XAMPP/xamppfiles/htdocs/spider/ThinkPHP/Library/Think/Model.class.php 第 1629 行.
SQL: SELECT * FROM `onethink_spiderhosts` ORDER BY id asc  [ RunTime:0.000190s ]
ERR: 1146:Table 'spider.onethink_spiderhosts' doesn't exist
 [ SQL语句 ] : SELECT * FROM `onethink_spiderhosts` ORDER BY id asc 
ERR: 模板不存在:./Application/Admin/View/Spider/index.html

[ 2014-07-10T15:03:08+08:00 ] ::1 /spider/admin.php?s=/Spider/index.html
SQL: SHOW COLUMNS FROM `onethink_menu` [ RunTime:0.001964s ]
SQL: SELECT * FROM `onethink_menu` WHERE ( `pid` = 0 ) AND ( `hide` = 0 ) ORDER BY sort asc  [ RunTime:0.000624s ]
SQL: SELECT `id` FROM `onethink_menu` WHERE ( url like '%Spider/index%' ) LIMIT 1   [ RunTime:0.000508s ]
SQL: SHOW COLUMNS FROM `onethink_menu` [ RunTime:0.001763s ]
SQL: SELECT `id`,`pid`,`title` FROM `onethink_menu` WHERE ( id=122 ) LIMIT 1   [ RunTime:0.000280s ]
SQL: SELECT DISTINCT  `group` FROM `onethink_menu` WHERE ( pid = 122 )  [ RunTime:0.000267s ]
SQL: SELECT `id`,`url` FROM `onethink_menu` WHERE ( `pid` = 122 ) AND ( `hide` = 0 )  [ RunTime:0.000281s ]
SQL: SHOW COLUMNS FROM `onethink_spiderhosts` [ RunTime:0.001354s ]
ERR: 1146:Table 'spider.onethink_spiderhosts' doesn't exist
 [ SQL语句 ] : SHOW COLUMNS FROM `onethink_spiderhosts`
NOTIC: [2] Missing argument 1 for Think\Model::where(), called in /Applications/XAMPP/xamppfiles/htdocs/spider/Application/Admin/Controller/SpiderController.class.php on line 27 and defined /Applications/XAMPP/xamppfiles/htdocs/spider/ThinkPHP/Library/Think/Model.class.php 第 1610 行.
NOTIC: [8] Undefined variable: where /Applications/XAMPP/xamppfiles/htdocs/spider/ThinkPHP/Library/Think/Model.class.php 第 1618 行.
NOTIC: [8] Undefined variable: where /Applications/XAMPP/xamppfiles/htdocs/spider/ThinkPHP/Library/Think/Model.class.php 第 1621 行.
NOTIC: [8] Undefined variable: where /Applications/XAMPP/xamppfiles/htdocs/spider/ThinkPHP/Library/Think/Model.class.php 第 1629 行.
SQL: SELECT * FROM `onethink_spiderhosts` ORDER BY id asc  [ RunTime:0.000188s ]
ERR: 1146:Table 'spider.onethink_spiderhosts' doesn't exist
 [ SQL语句 ] : SELECT * FROM `onethink_spiderhosts` ORDER BY id asc 

[ 2014-07-10T15:04:09+08:00 ] ::1 /spider/admin.php?s=/Spider/index.html
SQL: SHOW COLUMNS FROM `onethink_menu` [ RunTime:0.001301s ]
SQL: SELECT * FROM `onethink_menu` WHERE ( `pid` = 0 ) AND ( `hide` = 0 ) ORDER BY sort asc  [ RunTime:0.000429s ]
SQL: SELECT `id` FROM `onethink_menu` WHERE ( url like '%Spider/index%' ) LIMIT 1   [ RunTime:0.000277s ]
SQL: SHOW COLUMNS FROM `onethink_menu` [ RunTime:0.001062s ]
SQL: SELECT `id`,`pid`,`title` FROM `onethink_menu` WHERE ( id=122 ) LIMIT 1   [ RunTime:0.000226s ]
SQL: SELECT DISTINCT  `group` FROM `onethink_menu` WHERE ( pid = 122 )  [ RunTime:0.000255s ]
SQL: SELECT `id`,`url` FROM `onethink_menu` WHERE ( `pid` = 122 ) AND ( `hide` = 0 )  [ RunTime:0.000180s ]
SQL: SHOW COLUMNS FROM `onethink_spiderhosts` [ RunTime:0.000960s ]
ERR: 1146:Table 'spider.onethink_spiderhosts' doesn't exist
 [ SQL语句 ] : SHOW COLUMNS FROM `onethink_spiderhosts`
NOTIC: [2] Missing argument 1 for Think\Model::where(), called in /Applications/XAMPP/xamppfiles/htdocs/spider/Application/Admin/Controller/SpiderController.class.php on line 27 and defined /Applications/XAMPP/xamppfiles/htdocs/spider/ThinkPHP/Library/Think/Model.class.php 第 1610 行.
NOTIC: [8] Undefined variable: where /Applications/XAMPP/xamppfiles/htdocs/spider/ThinkPHP/Library/Think/Model.class.php 第 1618 行.
NOTIC: [8] Undefined variable: where /Applications/XAMPP/xamppfiles/htdocs/spider/ThinkPHP/Library/Think/Model.class.php 第 1621 行.
NOTIC: [8] Undefined variable: where /Applications/XAMPP/xamppfiles/htdocs/spider/ThinkPHP/Library/Think/Model.class.php 第 1629 行.
SQL: SELECT * FROM `onethink_spiderhosts` ORDER BY id asc  [ RunTime:0.000175s ]
ERR: 1146:Table 'spider.onethink_spiderhosts' doesn't exist
 [ SQL语句 ] : SELECT * FROM `onethink_spiderhosts` ORDER BY id asc 
INFO: [ view_parse ] --START--
INFO: [ template_filter ] --START--
INFO: Run Behavior\ContentReplaceBehavior [ RunTime:0.000081s ]
INFO: [ template_filter ] --END-- [ RunTime:0.000126s ]
INFO: Run Behavior\ParseTemplateBehavior [ RunTime:0.013024s ]
INFO: [ view_parse ] --END-- [ RunTime:0.013067s ]
INFO: [ view_filter ] --START--
INFO: Run Behavior\WriteHtmlCacheBehavior [ RunTime:0.000416s ]
INFO: [ view_filter ] --END-- [ RunTime:0.000449s ]
INFO: [ app_end ] --START--
INFO: Run Behavior\ShowPageTraceBehavior [ RunTime:0.001055s ]
INFO: [ app_end ] --END-- [ RunTime:0.001115s ]

[ 2014-07-10T15:09:01+08:00 ] ::1 /spider/admin.php?s=/Spider/index.html
SQL: SHOW COLUMNS FROM `onethink_menu` [ RunTime:0.001262s ]
SQL: SELECT * FROM `onethink_menu` WHERE ( `pid` = 0 ) AND ( `hide` = 0 ) ORDER BY sort asc  [ RunTime:0.000438s ]
SQL: SELECT `id` FROM `onethink_menu` WHERE ( url like '%Spider/index%' ) LIMIT 1   [ RunTime:0.000276s ]
SQL: SHOW COLUMNS FROM `onethink_menu` [ RunTime:0.000987s ]
SQL: SELECT `id`,`pid`,`title` FROM `onethink_menu` WHERE ( id=122 ) LIMIT 1   [ RunTime:0.000231s ]
SQL: SELECT DISTINCT  `group` FROM `onethink_menu` WHERE ( pid = 122 )  [ RunTime:0.000277s ]
SQL: SELECT `id`,`url` FROM `onethink_menu` WHERE ( `pid` = 122 ) AND ( `hide` = 0 )  [ RunTime:0.000245s ]
SQL: SHOW COLUMNS FROM `onethink_spiderhosts` [ RunTime:0.000881s ]
ERR: 1146:Table 'spider.onethink_spiderhosts' doesn't exist
 [ SQL语句 ] : SHOW COLUMNS FROM `onethink_spiderhosts`
NOTIC: [2] Missing argument 1 for Think\Model::where(), called in /Applications/XAMPP/xamppfiles/htdocs/spider/Application/Admin/Controller/SpiderController.class.php on line 27 and defined /Applications/XAMPP/xamppfiles/htdocs/spider/ThinkPHP/Library/Think/Model.class.php 第 1610 行.
NOTIC: [8] Undefined variable: where /Applications/XAMPP/xamppfiles/htdocs/spider/ThinkPHP/Library/Think/Model.class.php 第 1618 行.
NOTIC: [8] Undefined variable: where /Applications/XAMPP/xamppfiles/htdocs/spider/ThinkPHP/Library/Think/Model.class.php 第 1621 行.
NOTIC: [8] Undefined variable: where /Applications/XAMPP/xamppfiles/htdocs/spider/ThinkPHP/Library/Think/Model.class.php 第 1629 行.
SQL: SELECT * FROM `onethink_spiderhosts` ORDER BY id asc  [ RunTime:0.000164s ]
ERR: 1146:Table 'spider.onethink_spiderhosts' doesn't exist
 [ SQL语句 ] : SELECT * FROM `onethink_spiderhosts` ORDER BY id asc 
INFO: [ view_parse ] --START--
INFO: [ template_filter ] --START--
INFO: Run Behavior\ContentReplaceBehavior [ RunTime:0.000081s ]
INFO: [ template_filter ] --END-- [ RunTime:0.000123s ]
INFO: Run Behavior\ParseTemplateBehavior [ RunTime:0.011975s ]
INFO: [ view_parse ] --END-- [ RunTime:0.012014s ]
INFO: [ view_filter ] --START--
INFO: Run Behavior\WriteHtmlCacheBehavior [ RunTime:0.000393s ]
INFO: [ view_filter ] --END-- [ RunTime:0.000426s ]
INFO: [ app_end ] --START--
INFO: Run Behavior\ShowPageTraceBehavior [ RunTime:0.000683s ]
INFO: [ app_end ] --END-- [ RunTime:0.000729s ]

[ 2014-07-10T15:10:21+08:00 ] ::1 /spider/admin.php?s=/Robot/index.html
SQL: SHOW COLUMNS FROM `onethink_menu` [ RunTime:0.001797s ]
SQL: SELECT * FROM `onethink_menu` WHERE ( `pid` = 0 ) AND ( `hide` = 0 ) ORDER BY sort asc  [ RunTime:0.000844s ]
SQL: SELECT `id` FROM `onethink_menu` WHERE ( url like '%Robot/index%' ) LIMIT 1   [ RunTime:0.000273s ]
SQL: SHOW COLUMNS FROM `onethink_menu` [ RunTime:0.000964s ]
SQL: SELECT `id`,`pid`,`title` FROM `onethink_menu` WHERE ( id=123 ) LIMIT 1   [ RunTime:0.000226s ]
SQL: SELECT DISTINCT  `group` FROM `onethink_menu` WHERE ( pid = 123 )  [ RunTime:0.000218s ]
SQL: SELECT `id`,`url` FROM `onethink_menu` WHERE ( `pid` = 123 ) AND ( `hide` = 0 )  [ RunTime:0.000176s ]
SQL: SHOW COLUMNS FROM `onethink_spiderhosts` [ RunTime:0.000955s ]
ERR: 1146:Table 'spider.onethink_spiderhosts' doesn't exist
 [ SQL语句 ] : SHOW COLUMNS FROM `onethink_spiderhosts`
NOTIC: [2] Missing argument 1 for Think\Model::where(), called in /Applications/XAMPP/xamppfiles/htdocs/spider/Application/Admin/Controller/RobotController.class.php on line 27 and defined /Applications/XAMPP/xamppfiles/htdocs/spider/ThinkPHP/Library/Think/Model.class.php 第 1610 行.
NOTIC: [8] Undefined variable: where /Applications/XAMPP/xamppfiles/htdocs/spider/ThinkPHP/Library/Think/Model.class.php 第 1618 行.
NOTIC: [8] Undefined variable: where /Applications/XAMPP/xamppfiles/htdocs/spider/ThinkPHP/Library/Think/Model.class.php 第 1621 行.
NOTIC: [8] Undefined variable: where /Applications/XAMPP/xamppfiles/htdocs/spider/ThinkPHP/Library/Think/Model.class.php 第 1629 行.
SQL: SELECT * FROM `onethink_spiderhosts` ORDER BY id asc  [ RunTime:0.000181s ]
ERR: 1146:Table 'spider.onethink_spiderhosts' doesn't exist
 [ SQL语句 ] : SELECT * FROM `onethink_spiderhosts` ORDER BY id asc 
INFO: [ view_parse ] --START--
INFO: [ template_filter ] --START--
INFO: Run Behavior\ContentReplaceBehavior [ RunTime:0.000081s ]
INFO: [ template_filter ] --END-- [ RunTime:0.000125s ]
INFO: Run Behavior\ParseTemplateBehavior [ RunTime:0.013625s ]
INFO: [ view_parse ] --END-- [ RunTime:0.013671s ]
INFO: [ view_filter ] --START--
INFO: Run Behavior\WriteHtmlCacheBehavior [ RunTime:0.000792s ]
INFO: [ view_filter ] --END-- [ RunTime:0.000838s ]
INFO: [ app_end ] --START--
INFO: Run Behavior\ShowPageTraceBehavior [ RunTime:0.000765s ]
INFO: [ app_end ] --END-- [ RunTime:0.000822s ]

[ 2014-07-10T15:10:23+08:00 ] ::1 /spider/admin.php?s=/Spider/index.html
SQL: SHOW COLUMNS FROM `onethink_menu` [ RunTime:0.001372s ]
SQL: SELECT * FROM `onethink_menu` WHERE ( `pid` = 0 ) AND ( `hide` = 0 ) ORDER BY sort asc  [ RunTime:0.000884s ]
SQL: SELECT `id` FROM `onethink_menu` WHERE ( url like '%Spider/index%' ) LIMIT 1   [ RunTime:0.000271s ]
SQL: SHOW COLUMNS FROM `onethink_menu` [ RunTime:0.001083s ]
SQL: SELECT `id`,`pid`,`title` FROM `onethink_menu` WHERE ( id=122 ) LIMIT 1   [ RunTime:0.000233s ]
SQL: SELECT DISTINCT  `group` FROM `onethink_menu` WHERE ( pid = 122 )  [ RunTime:0.000215s ]
SQL: SELECT `id`,`url` FROM `onethink_menu` WHERE ( `pid` = 122 ) AND ( `hide` = 0 )  [ RunTime:0.000186s ]
SQL: SHOW COLUMNS FROM `onethink_spiderhosts` [ RunTime:0.000949s ]
ERR: 1146:Table 'spider.onethink_spiderhosts' doesn't exist
 [ SQL语句 ] : SHOW COLUMNS FROM `onethink_spiderhosts`
NOTIC: [2] Missing argument 1 for Think\Model::where(), called in /Applications/XAMPP/xamppfiles/htdocs/spider/Application/Admin/Controller/SpiderController.class.php on line 27 and defined /Applications/XAMPP/xamppfiles/htdocs/spider/ThinkPHP/Library/Think/Model.class.php 第 1610 行.
NOTIC: [8] Undefined variable: where /Applications/XAMPP/xamppfiles/htdocs/spider/ThinkPHP/Library/Think/Model.class.php 第 1618 行.
NOTIC: [8] Undefined variable: where /Applications/XAMPP/xamppfiles/htdocs/spider/ThinkPHP/Library/Think/Model.class.php 第 1621 行.
NOTIC: [8] Undefined variable: where /Applications/XAMPP/xamppfiles/htdocs/spider/ThinkPHP/Library/Think/Model.class.php 第 1629 行.
SQL: SELECT * FROM `onethink_spiderhosts` ORDER BY id asc  [ RunTime:0.000169s ]
ERR: 1146:Table 'spider.onethink_spiderhosts' doesn't exist
 [ SQL语句 ] : SELECT * FROM `onethink_spiderhosts` ORDER BY id asc 
INFO: [ view_parse ] --START--
INFO: [ template_filter ] --START--
INFO: Run Behavior\ContentReplaceBehavior [ RunTime:0.000088s ]
INFO: [ template_filter ] --END-- [ RunTime:0.000137s ]
INFO: Run Behavior\ParseTemplateBehavior [ RunTime:0.010891s ]
INFO: [ view_parse ] --END-- [ RunTime:0.010951s ]
INFO: [ view_filter ] --START--
INFO: Run Behavior\WriteHtmlCacheBehavior [ RunTime:0.000199s ]
INFO: [ view_filter ] --END-- [ RunTime:0.000233s ]
INFO: [ app_end ] --START--
INFO: Run Behavior\ShowPageTraceBehavior [ RunTime:0.000425s ]
INFO: [ app_end ] --END-- [ RunTime:0.000475s ]

