[ 2014-07-08T14:50:16+08:00 ] ::1 /spider/admin.php?s=/Public/login.html
INFO: [ view_parse ] --START--
INFO: [ template_filter ] --START--
INFO: Run Behavior\ContentReplaceBehavior [ RunTime:0.000046s ]
INFO: [ template_filter ] --END-- [ RunTime:0.000094s ]
INFO: Run Behavior\ParseTemplateBehavior [ RunTime:0.005115s ]
INFO: [ view_parse ] --END-- [ RunTime:0.005400s ]
INFO: [ view_filter ] --START--
INFO: Run Behavior\WriteHtmlCacheBehavior [ RunTime:0.000121s ]
INFO: [ view_filter ] --END-- [ RunTime:0.000155s ]
INFO: [ app_end ] --START--
INFO: Run Behavior\ShowPageTraceBehavior [ RunTime:0.000307s ]
INFO: [ app_end ] --END-- [ RunTime:0.000336s ]

[ 2014-07-08T14:50:31+08:00 ] ::1 /spider/admin.php?s=/Public/login.html
INFO: [ app_begin ] --START--
INFO: Run Behavior\ReadHtmlCacheBehavior [ RunTime:0.000979s ]
INFO: [ app_begin ] --END-- [ RunTime:0.001793s ]

[ 2014-07-08T14:50:36+08:00 ] ::1 /spider/admin.php?s=/Public/login.html
INFO: [ app_begin ] --START--
INFO: Run Behavior\ReadHtmlCacheBehavior [ RunTime:0.000781s ]
INFO: [ app_begin ] --END-- [ RunTime:0.001537s ]

[ 2014-07-08T14:50:43+08:00 ] ::1 /spider/admin.php?s=/Public/login.html
INFO: [ app_begin ] --START--
INFO: Run Behavior\ReadHtmlCacheBehavior [ RunTime:0.000265s ]
INFO: [ app_begin ] --END-- [ RunTime:0.000456s ]
SQL: SHOW COLUMNS FROM `onethink_ucenter_member` [ RunTime:0.002644s ]
SQL: SELECT * FROM `onethink_ucenter_member` WHERE ( `username` = 'administrator' ) LIMIT 1   [ RunTime:0.000466s ]
SQL: UPDATE `onethink_ucenter_member` SET `last_login_time`=1404802243,`last_login_ip`=0 WHERE ( `id` = 1 ) [ RunTime:0.002226s ]
SQL: SHOW COLUMNS FROM `onethink_member` [ RunTime:0.001306s ]
SQL: SELECT `uid`,`nickname`,`sex`,`birthday`,`qq`,`score`,`login`,`reg_ip`,`reg_time`,`last_login_ip`,`last_login_time`,`status` FROM `onethink_member` WHERE ( `uid` = 1 ) LIMIT 1   [ RunTime:0.000288s ]
SQL: SHOW COLUMNS FROM `onethink_action` [ RunTime:0.001587s ]
SQL: SELECT * FROM `onethink_action` WHERE ( `name` = 'user_login' ) LIMIT 1   [ RunTime:0.000381s ]
SQL: SHOW COLUMNS FROM `onethink_member` [ RunTime:0.002272s ]
SQL: SELECT `nickname` FROM `onethink_member` WHERE ( `uid` = 1 ) LIMIT 1   [ RunTime:0.000557s ]
SQL: SHOW COLUMNS FROM `onethink_action_log` [ RunTime:0.002902s ]
SQL: INSERT INTO `onethink_action_log` (`action_id`,`user_id`,`action_ip`,`model`,`record_id`,`create_time`,`remark`) VALUES (1,1,0,'member',1,1404802243,'Administrator在2014-07-08 14:50登录了后台') [ RunTime:0.000533s ]
SQL: SELECT * FROM `onethink_action` WHERE ( `name` = 'user_login' ) LIMIT 1   [ RunTime:0.000409s ]
NOTIC: [8] Undefined offset: 1 /Applications/XAMPP/xamppfiles/htdocs/spider/Application/Common/Common/function.php 第 665 行.
NOTIC: [2] array_key_exists() expects parameter 2 to be array, null given /Applications/XAMPP/xamppfiles/htdocs/spider/Application/Common/Common/function.php 第 665 行.
SQL: SELECT COUNT(*) AS tp_count FROM `onethink_action_log` WHERE ( `action_id` = 1 ) AND ( `user_id` = 1 ) AND ( `create_time` > 1404715843 ) LIMIT 1   [ RunTime:0.002010s ]
SQL: UPDATE `onethink_member` SET `score`=score+10 WHERE ( uid=1 AND status>-1 ) [ RunTime:0.001390s ]
SQL: UPDATE `onethink_member` SET `login`=`login`+1,`last_login_time`=1404802243,`last_login_ip`=0 WHERE ( `uid` = 1 ) [ RunTime:0.000697s ]

[ 2014-07-08T14:50:43+08:00 ] ::1 /spider/admin.php?s=/Index/index.html
SQL: SHOW COLUMNS FROM `onethink_menu` [ RunTime:0.001977s ]
SQL: SELECT * FROM `onethink_menu` WHERE ( `pid` = 0 ) AND ( `hide` = 0 ) ORDER BY sort asc  [ RunTime:0.000771s ]
SQL: SELECT `id` FROM `onethink_menu` WHERE ( url like '%Index/index%' ) LIMIT 1   [ RunTime:0.000907s ]
SQL: SHOW COLUMNS FROM `onethink_menu` [ RunTime:0.001145s ]
SQL: SELECT `id`,`pid`,`title` FROM `onethink_menu` WHERE ( id=1 ) LIMIT 1   [ RunTime:0.000223s ]
SQL: SELECT DISTINCT  `group` FROM `onethink_menu` WHERE ( pid = 1 )  [ RunTime:0.001041s ]
SQL: SELECT `id`,`url` FROM `onethink_menu` WHERE ( `pid` = 1 ) AND ( `hide` = 0 )  [ RunTime:0.000275s ]
INFO: [ view_parse ] --START--
INFO: [ template_filter ] --START--
INFO: Run Behavior\ContentReplaceBehavior [ RunTime:0.000100s ]
INFO: [ template_filter ] --END-- [ RunTime:0.000175s ]
INFO: [ AdminIndex ] --START--
SQL: SHOW COLUMNS FROM `onethink_addons` [ RunTime:0.001276s ]
SQL: SELECT `config` FROM `onethink_addons` WHERE ( `name` = 'SiteStat' ) AND ( `status` = 1 ) LIMIT 1   [ RunTime:0.000291s ]
SQL: SHOW COLUMNS FROM `onethink_member` [ RunTime:0.001139s ]
SQL: SELECT COUNT(*) AS tp_count FROM `onethink_member` LIMIT 1   [ RunTime:0.000178s ]
SQL: SHOW COLUMNS FROM `onethink_action_log` [ RunTime:0.001306s ]
SQL: SELECT COUNT(*) AS tp_count FROM `onethink_action_log` LIMIT 1   [ RunTime:0.000219s ]
SQL: SHOW COLUMNS FROM `onethink_document` [ RunTime:0.001286s ]
SQL: SELECT COUNT(*) AS tp_count FROM `onethink_document` LIMIT 1   [ RunTime:0.000175s ]
SQL: SHOW COLUMNS FROM `onethink_category` [ RunTime:0.001500s ]
SQL: SELECT COUNT(*) AS tp_count FROM `onethink_category` LIMIT 1   [ RunTime:0.000289s ]
SQL: SHOW COLUMNS FROM `onethink_model` [ RunTime:0.001638s ]
SQL: SELECT COUNT(*) AS tp_count FROM `onethink_model` LIMIT 1   [ RunTime:0.000335s ]
INFO: [ view_parse ] --START--
INFO: [ template_filter ] --START--
INFO: Run Behavior\ContentReplaceBehavior [ RunTime:0.000044s ]
INFO: [ template_filter ] --END-- [ RunTime:-0.016457s ]
INFO: Run Behavior\ParseTemplateBehavior [ RunTime:0.002491s ]
INFO: [ view_parse ] --END-- [ RunTime:0.002651s ]
INFO: [ view_filter ] --START--
INFO: Run Behavior\WriteHtmlCacheBehavior [ RunTime:0.000535s ]
INFO: [ view_filter ] --END-- [ RunTime:0.000653s ]
INFO: Run Addons\SiteStat\SiteStatAddon [ RunTime:0.016927s ]
SQL: SELECT `config` FROM `onethink_addons` WHERE ( `name` = 'SystemInfo' ) AND ( `status` = 1 ) LIMIT 1   [ RunTime:0.000404s ]
INFO: [ view_parse ] --START--
INFO: [ template_filter ] --START--
INFO: Run Behavior\ContentReplaceBehavior [ RunTime:0.000029s ]
INFO: [ template_filter ] --END-- [ RunTime:-0.176384s ]
SQL: select version() as v; [ RunTime:0.001162s ]
INFO: Run Behavior\ParseTemplateBehavior [ RunTime:0.003721s ]
INFO: [ view_parse ] --END-- [ RunTime:-0.157113s ]
INFO: [ view_filter ] --START--
INFO: Run Behavior\WriteHtmlCacheBehavior [ RunTime:0.000010s ]
INFO: [ view_filter ] --END-- [ RunTime:-0.160237s ]
INFO: Run Addons\SystemInfo\SystemInfoAddon [ RunTime:0.160195s ]
SQL: SELECT `config` FROM `onethink_addons` WHERE ( `name` = 'DevTeam' ) AND ( `status` = 1 ) LIMIT 1   [ RunTime:0.000317s ]
INFO: [ view_parse ] --START--
INFO: [ template_filter ] --START--
INFO: Run Behavior\ContentReplaceBehavior [ RunTime:0.000026s ]
INFO: [ template_filter ] --END-- [ RunTime:-0.181019s ]
INFO: Run Behavior\ParseTemplateBehavior [ RunTime:0.001486s ]
INFO: [ view_parse ] --END-- [ RunTime:-0.162067s ]
INFO: [ view_filter ] --START--
INFO: Run Behavior\WriteHtmlCacheBehavior [ RunTime:0.000008s ]
INFO: [ view_filter ] --END-- [ RunTime:-0.162912s ]
INFO: Run Addons\DevTeam\DevTeamAddon [ RunTime:0.002655s ]
INFO: [ AdminIndex ] --END-- [ RunTime:0.179858s ]
INFO: Run Behavior\ParseTemplateBehavior [ RunTime:0.001609s ]
INFO: [ view_parse ] --END-- [ RunTime:-0.162067s ]
INFO: [ view_filter ] --START--
INFO: Run Behavior\WriteHtmlCacheBehavior [ RunTime:0.000005s ]
INFO: [ view_filter ] --END-- [ RunTime:-0.163039s ]
INFO: [ app_end ] --START--
INFO: Run Behavior\ShowPageTraceBehavior [ RunTime:0.000429s ]
INFO: [ app_end ] --END-- [ RunTime:0.000503s ]

